app/build/intermediates/manifest_merge_blame_file/debug/manifest-merger-blame-debug-report.txt
1<?xml version="1.0" encoding="utf-8"?>
2<manifest xmlns:android="http://schemas.android.com/apk/res/android"
3    package="com.aquascope"
4    android:versionCode="1"
5    android:versionName="1.0" >
6
7    <uses-sdk
8        android:minSdkVersion="26"
9        android:targetSdkVersion="34" />
10
11    <uses-permission android:name="android.permission.INTERNET" />
11-->src\main\AndroidManifest.xml:4:5-67
11-->src\main\AndroidManifest.xml:4:22-64
12    <uses-permission android:name="android.permission.ACCESS_NETWORK_STATE" />
12-->src\main\AndroidManifest.xml:5:5-79
12-->src\main\AndroidManifest.xml:5:22-76
13    <uses-permission android:name="android.permission.RECORD_AUDIO" />
13-->src\main\AndroidManifest.xml:6:5-71
13-->src\main\AndroidManifest.xml:6:22-68
14    <uses-permission android:name="android.permission.MODIFY_AUDIO_SETTINGS" />
14-->src\main\AndroidManifest.xml:7:5-80
14-->src\main\AndroidManifest.xml:7:22-77
15    <uses-permission android:name="android.permission.VIBRATE" />
15-->src\main\AndroidManifest.xml:8:5-66
15-->src\main\AndroidManifest.xml:8:22-63
16    <uses-permission android:name="android.permission.WAKE_LOCK" />
16-->src\main\AndroidManifest.xml:9:5-68
16-->src\main\AndroidManifest.xml:9:22-65
17    <uses-permission android:name="android.permission.TRANSMIT_IR" />
17-->src\main\AndroidManifest.xml:10:5-70
17-->src\main\AndroidManifest.xml:10:22-67
18    <uses-permission android:name="android.permission.FOREGROUND_SERVICE" />
18-->src\main\AndroidManifest.xml:11:5-77
18-->src\main\AndroidManifest.xml:11:22-74
19    <uses-permission android:name="android.permission.FOREGROUND_SERVICE_DATA_SYNC" />
19-->src\main\AndroidManifest.xml:12:5-87
19-->src\main\AndroidManifest.xml:12:22-84
20    <uses-permission android:name="android.permission.FOREGROUND_SERVICE_MEDIA_PROJECTION" />
20-->src\main\AndroidManifest.xml:13:5-94
20-->src\main\AndroidManifest.xml:13:22-91
21    <uses-permission android:name="android.permission.FOREGROUND_SERVICE_MICROPHONE" />
21-->src\main\AndroidManifest.xml:14:5-88
21-->src\main\AndroidManifest.xml:14:22-85
22    <uses-permission android:name="android.permission.POST_NOTIFICATIONS" />
22-->src\main\AndroidManifest.xml:15:5-77
22-->src\main\AndroidManifest.xml:15:22-74
23    <uses-permission android:name="android.permission.HIGH_SAMPLING_RATE_SENSORS" />
23-->src\main\AndroidManifest.xml:16:5-85
23-->src\main\AndroidManifest.xml:16:22-82
24
25    <uses-feature
25-->src\main\AndroidManifest.xml:17:5-89
26        android:name="android.hardware.consumerir"
26-->src\main\AndroidManifest.xml:17:19-61
27        android:required="false" />
27-->src\main\AndroidManifest.xml:17:62-86
28    <uses-feature
28-->src\main\AndroidManifest.xml:18:5-89
29        android:name="android.hardware.microphone"
29-->src\main\AndroidManifest.xml:18:19-61
30        android:required="false" />
30-->src\main\AndroidManifest.xml:18:62-86
31
32    <permission
32-->[androidx.core:core:1.12.0] AndroidManifest.xml:22:5-24:47
33        android:name="com.aquascope.DYNAMIC_RECEIVER_NOT_EXPORTED_PERMISSION"
33-->[androidx.core:core:1.12.0] AndroidManifest.xml:23:9-81
34        android:protectionLevel="signature" />
34-->[androidx.core:core:1.12.0] AndroidManifest.xml:24:9-44
35
36    <uses-permission android:name="com.aquascope.DYNAMIC_RECEIVER_NOT_EXPORTED_PERMISSION" />
36-->[androidx.core:core:1.12.0] AndroidManifest.xml:26:5-97
36-->[androidx.core:core:1.12.0] AndroidManifest.xml:26:22-94
37
38    <application
38-->src\main\AndroidManifest.xml:20:5-96:19
39        android:name="com.aquascope.AquaScopeApp"
39-->src\main\AndroidManifest.xml:27:9-37
40        android:allowBackup="true"
40-->src\main\AndroidManifest.xml:21:9-35
41        android:appComponentFactory="androidx.core.app.CoreComponentFactory"
41-->[androidx.core:core:1.12.0] AndroidManifest.xml:28:18-86
42        android:debuggable="true"
43        android:extractNativeLibs="false"
44        android:icon="@mipmap/ic_launcher"
44-->src\main\AndroidManifest.xml:22:9-43
45        android:label="@string/app_name"
45-->src\main\AndroidManifest.xml:23:9-41
46        android:networkSecurityConfig="@xml/network_security_config"
46-->src\main\AndroidManifest.xml:29:9-69
47        android:roundIcon="@mipmap/ic_launcher_round"
47-->src\main\AndroidManifest.xml:24:9-54
48        android:supportsRtl="true"
48-->src\main\AndroidManifest.xml:25:9-35
49        android:theme="@style/Theme.AquaScope"
49-->src\main\AndroidManifest.xml:26:9-47
50        android:usesCleartextTraffic="true" >
50-->src\main\AndroidManifest.xml:28:9-44
51        <uses-native-library
51-->src\main\AndroidManifest.xml:31:9-33:40
52            android:name="libOpenCL.so"
52-->src\main\AndroidManifest.xml:32:13-40
53            android:required="false" />
53-->src\main\AndroidManifest.xml:33:13-37
54        <uses-native-library
54-->src\main\AndroidManifest.xml:31:9-33:40
55            android:name="libOpenCL-pixel.so"
55-->src\main\AndroidManifest.xml:32:13-40
56            android:required="false" />
56-->src\main\AndroidManifest.xml:33:13-37
57        <uses-native-library
57-->src\main\AndroidManifest.xml:31:9-33:40
58            android:name="libvndksupport.so"
58-->src\main\AndroidManifest.xml:32:13-40
59            android:required="false" />
59-->src\main\AndroidManifest.xml:33:13-37
60
61        <activity
61-->src\main\AndroidManifest.xml:41:9-48:20
62            android:name="com.aquascope.ui.SmritiHomeActivity"
62-->src\main\AndroidManifest.xml:42:13-50
63            android:exported="true" >
63-->src\main\AndroidManifest.xml:43:13-36
64            <intent-filter>
64-->src\main\AndroidManifest.xml:44:13-47:29
65                <action android:name="android.intent.action.MAIN" />
65-->src\main\AndroidManifest.xml:45:17-69
65-->src\main\AndroidManifest.xml:45:25-66
66
67                <category android:name="android.intent.category.LAUNCHER" />
67-->src\main\AndroidManifest.xml:46:17-77
67-->src\main\AndroidManifest.xml:46:27-74
68            </intent-filter>
69        </activity>
70        <activity android:name="com.aquascope.ui.MainActivity" />
70-->src\main\AndroidManifest.xml:50:9-53
70-->src\main\AndroidManifest.xml:50:19-50
71        <activity android:name="com.aquascope.ui.ScanActivity" />
71-->src\main\AndroidManifest.xml:51:9-53
71-->src\main\AndroidManifest.xml:51:19-50
72        <activity android:name="com.aquascope.ui.HistoryActivity" />
72-->src\main\AndroidManifest.xml:52:9-56
72-->src\main\AndroidManifest.xml:52:19-53
73        <activity android:name="com.aquascope.ui.ReportActivity" />
73-->src\main\AndroidManifest.xml:53:9-55
73-->src\main\AndroidManifest.xml:53:19-52
74        <activity android:name="com.aquascope.ui.MemoryTimelineActivity" />
74-->src\main\AndroidManifest.xml:54:9-63
74-->src\main\AndroidManifest.xml:54:19-60
75        <activity android:name="com.aquascope.ui.MemoryDetailActivity" />
75-->src\main\AndroidManifest.xml:55:9-61
75-->src\main\AndroidManifest.xml:55:19-58
76        <activity android:name="com.aquascope.ui.AskSmritiActivity" />
76-->src\main\AndroidManifest.xml:56:9-58
76-->src\main\AndroidManifest.xml:56:19-55
77        <activity android:name="com.aquascope.ui.EvidenceActivity" />
77-->src\main\AndroidManifest.xml:57:9-57
77-->src\main\AndroidManifest.xml:57:19-54
78        <activity android:name="com.aquascope.ui.LocalModelActivity" />
78-->src\main\AndroidManifest.xml:58:9-59
78-->src\main\AndroidManifest.xml:58:19-56
79        <activity
79-->src\main\AndroidManifest.xml:59:9-62:54
80            android:name="com.aquascope.smriti.brain.SmritiBrainActivity"
80-->src\main\AndroidManifest.xml:60:13-61
81            android:exported="false"
81-->src\main\AndroidManifest.xml:61:13-37
82            android:theme="@style/Theme.AquaScope" />
82-->src\main\AndroidManifest.xml:62:13-51
83
84        <service
84-->src\main\AndroidManifest.xml:64:9-66:40
85            android:name="com.aquascope.smriti.brain.HardwareActuatorService"
85-->src\main\AndroidManifest.xml:65:13-65
86            android:exported="false" />
86-->src\main\AndroidManifest.xml:66:13-37
87        <service
87-->src\main\AndroidManifest.xml:67:9-71:44
88            android:name="com.aquascope.smriti.brain.CaptureProjectionService"
88-->src\main\AndroidManifest.xml:68:13-66
89            android:exported="false"
89-->src\main\AndroidManifest.xml:69:13-37
90            android:foregroundServiceType="mediaProjection"
90-->src\main\AndroidManifest.xml:70:13-60
91            android:stopWithTask="false" />
91-->src\main\AndroidManifest.xml:71:13-41
92        <service
92-->src\main\AndroidManifest.xml:72:9-76:44
93            android:name="com.aquascope.smriti.brain.GuardianService"
93-->src\main\AndroidManifest.xml:73:13-57
94            android:exported="false"
94-->src\main\AndroidManifest.xml:74:13-37
95            android:foregroundServiceType="microphone"
95-->src\main\AndroidManifest.xml:75:13-55
96            android:stopWithTask="false" />
96-->src\main\AndroidManifest.xml:76:13-41
97        <service
97-->src\main\AndroidManifest.xml:77:9-80:45
98            android:name="com.aquascope.smriti.llm.LlmSandboxService"
98-->src\main\AndroidManifest.xml:78:13-57
99            android:exported="false"
99-->src\main\AndroidManifest.xml:79:13-37
100            android:process=":smriti_llm" />
100-->src\main\AndroidManifest.xml:80:13-42
101        <service
101-->src\main\AndroidManifest.xml:81:9-84:56
102            android:name="com.aquascope.smriti.llm.ModelDownloadService"
102-->src\main\AndroidManifest.xml:82:13-60
103            android:exported="false"
103-->src\main\AndroidManifest.xml:83:13-37
104            android:foregroundServiceType="dataSync" />
104-->src\main\AndroidManifest.xml:84:13-53
105
106        <provider
107            android:name="androidx.core.content.FileProvider"
107-->src\main\AndroidManifest.xml:87:13-62
108            android:authorities="com.aquascope.fileprovider"
108-->src\main\AndroidManifest.xml:88:13-64
109            android:exported="false"
109-->src\main\AndroidManifest.xml:89:13-37
110            android:grantUriPermissions="true" >
110-->src\main\AndroidManifest.xml:90:13-47
111            <meta-data
111-->src\main\AndroidManifest.xml:91:13-93:54
112                android:name="android.support.FILE_PROVIDER_PATHS"
112-->src\main\AndroidManifest.xml:92:17-67
113                android:resource="@xml/file_paths" />
113-->src\main\AndroidManifest.xml:93:17-51
114        </provider>
115
116        <service
116-->[com.google.android.gms:play-services-mlkit-text-recognition-common:19.1.0] AndroidManifest.xml:9:9-15:19
117            android:name="com.google.mlkit.common.internal.MlKitComponentDiscoveryService"
117-->[com.google.android.gms:play-services-mlkit-text-recognition-common:19.1.0] AndroidManifest.xml:10:13-91
118            android:directBootAware="true"
118-->[com.google.mlkit:common:18.11.0] AndroidManifest.xml:17:13-43
119            android:exported="false" >
119-->[com.google.android.gms:play-services-mlkit-text-recognition-common:19.1.0] AndroidManifest.xml:11:13-37
120            <meta-data
120-->[com.google.android.gms:play-services-mlkit-text-recognition-common:19.1.0] AndroidManifest.xml:12:13-14:85
121                android:name="com.google.firebase.components:com.google.mlkit.vision.text.internal.TextRegistrar"
121-->[com.google.android.gms:play-services-mlkit-text-recognition-common:19.1.0] AndroidManifest.xml:13:17-114
122                android:value="com.google.firebase.components.ComponentRegistrar" />
122-->[com.google.android.gms:play-services-mlkit-text-recognition-common:19.1.0] AndroidManifest.xml:14:17-82
123            <meta-data
123-->[com.google.mlkit:vision-common:17.3.0] AndroidManifest.xml:12:13-14:85
124                android:name="com.google.firebase.components:com.google.mlkit.vision.common.internal.VisionCommonRegistrar"
124-->[com.google.mlkit:vision-common:17.3.0] AndroidManifest.xml:13:17-124
125                android:value="com.google.firebase.components.ComponentRegistrar" />
125-->[com.google.mlkit:vision-common:17.3.0] AndroidManifest.xml:14:17-82
126            <meta-data
126-->[com.google.mlkit:common:18.11.0] AndroidManifest.xml:20:13-22:85
127                android:name="com.google.firebase.components:com.google.mlkit.common.internal.CommonComponentRegistrar"
127-->[com.google.mlkit:common:18.11.0] AndroidManifest.xml:21:17-120
128                android:value="com.google.firebase.components.ComponentRegistrar" />
128-->[com.google.mlkit:common:18.11.0] AndroidManifest.xml:22:17-82
129        </service>
130
131        <provider
131-->[com.google.mlkit:common:18.11.0] AndroidManifest.xml:9:9-13:38
132            android:name="com.google.mlkit.common.internal.MlKitInitProvider"
132-->[com.google.mlkit:common:18.11.0] AndroidManifest.xml:10:13-78
133            android:authorities="com.aquascope.mlkitinitprovider"
133-->[com.google.mlkit:common:18.11.0] AndroidManifest.xml:11:13-69
134            android:exported="false"
134-->[com.google.mlkit:common:18.11.0] AndroidManifest.xml:12:13-37
135            android:initOrder="99" />
135-->[com.google.mlkit:common:18.11.0] AndroidManifest.xml:13:13-35
136
137        <activity
137-->[com.google.android.gms:play-services-base:18.5.0] AndroidManifest.xml:5:9-173
138            android:name="com.google.android.gms.common.api.GoogleApiActivity"
138-->[com.google.android.gms:play-services-base:18.5.0] AndroidManifest.xml:5:19-85
139            android:exported="false"
139-->[com.google.android.gms:play-services-base:18.5.0] AndroidManifest.xml:5:146-170
140            android:theme="@android:style/Theme.Translucent.NoTitleBar" />
140-->[com.google.android.gms:play-services-base:18.5.0] AndroidManifest.xml:5:86-145
141
142        <meta-data
142-->[com.google.android.gms:play-services-basement:18.4.0] AndroidManifest.xml:6:9-122
143            android:name="com.google.android.gms.version"
143-->[com.google.android.gms:play-services-basement:18.4.0] AndroidManifest.xml:6:20-65
144            android:value="@integer/google_play_services_version" />
144-->[com.google.android.gms:play-services-basement:18.4.0] AndroidManifest.xml:6:66-119
145
146        <provider
146-->[androidx.emoji2:emoji2:1.4.0] AndroidManifest.xml:24:9-32:20
147            android:name="androidx.startup.InitializationProvider"
147-->[androidx.emoji2:emoji2:1.4.0] AndroidManifest.xml:25:13-67
148            android:authorities="com.aquascope.androidx-startup"
148-->[androidx.emoji2:emoji2:1.4.0] AndroidManifest.xml:26:13-68
149            android:exported="false" >
149-->[androidx.emoji2:emoji2:1.4.0] AndroidManifest.xml:27:13-37
150            <meta-data
150-->[androidx.emoji2:emoji2:1.4.0] AndroidManifest.xml:29:13-31:52
151                android:name="androidx.emoji2.text.EmojiCompatInitializer"
151-->[androidx.emoji2:emoji2:1.4.0] AndroidManifest.xml:30:17-75
152                android:value="androidx.startup" />
152-->[androidx.emoji2:emoji2:1.4.0] AndroidManifest.xml:31:17-49
153            <meta-data
153-->[androidx.lifecycle:lifecycle-process:2.7.0] AndroidManifest.xml:29:13-31:52
154                android:name="androidx.lifecycle.ProcessLifecycleInitializer"
154-->[androidx.lifecycle:lifecycle-process:2.7.0] AndroidManifest.xml:30:17-78
155                android:value="androidx.startup" />
155-->[androidx.lifecycle:lifecycle-process:2.7.0] AndroidManifest.xml:31:17-49
156            <meta-data
156-->[androidx.profileinstaller:profileinstaller:1.3.0] AndroidManifest.xml:29:13-31:52
157                android:name="androidx.profileinstaller.ProfileInstallerInitializer"
157-->[androidx.profileinstaller:profileinstaller:1.3.0] AndroidManifest.xml:30:17-85
158                android:value="androidx.startup" />
158-->[androidx.profileinstaller:profileinstaller:1.3.0] AndroidManifest.xml:31:17-49
159        </provider>
160
161        <service
161-->[androidx.room:room-runtime:2.6.1] AndroidManifest.xml:24:9-28:63
162            android:name="androidx.room.MultiInstanceInvalidationService"
162-->[androidx.room:room-runtime:2.6.1] AndroidManifest.xml:25:13-74
163            android:directBootAware="true"
163-->[androidx.room:room-runtime:2.6.1] AndroidManifest.xml:26:13-43
164            android:exported="false" />
164-->[androidx.room:room-runtime:2.6.1] AndroidManifest.xml:27:13-37
165        <!--
166             Applications that target Android S+ require explicit declaration of
167             any referenced vendor-provided libraries.
168        -->
169        <uses-native-library
169-->src\main\AndroidManifest.xml:31:9-33:40
170            android:name="libOpenCL.so"
170-->src\main\AndroidManifest.xml:32:13-40
171            android:required="false" />
171-->src\main\AndroidManifest.xml:33:13-37
172        <uses-native-library
172-->src\main\AndroidManifest.xml:31:9-33:40
173            android:name="libOpenCL-car.so"
173-->src\main\AndroidManifest.xml:32:13-40
174            android:required="false" />
174-->src\main\AndroidManifest.xml:33:13-37
175        <uses-native-library
175-->src\main\AndroidManifest.xml:31:9-33:40
176            android:name="libOpenCL-pixel.so"
176-->src\main\AndroidManifest.xml:32:13-40
177            android:required="false" />
177-->src\main\AndroidManifest.xml:33:13-37
178
179        <receiver
179-->[androidx.profileinstaller:profileinstaller:1.3.0] AndroidManifest.xml:34:9-52:20
180            android:name="androidx.profileinstaller.ProfileInstallReceiver"
180-->[androidx.profileinstaller:profileinstaller:1.3.0] AndroidManifest.xml:35:13-76
181            android:directBootAware="false"
181-->[androidx.profileinstaller:profileinstaller:1.3.0] AndroidManifest.xml:36:13-44
182            android:enabled="true"
182-->[androidx.profileinstaller:profileinstaller:1.3.0] AndroidManifest.xml:37:13-35
183            android:exported="true"
183-->[androidx.profileinstaller:profileinstaller:1.3.0] AndroidManifest.xml:38:13-36
184            android:permission="android.permission.DUMP" >
184-->[androidx.profileinstaller:profileinstaller:1.3.0] AndroidManifest.xml:39:13-57
185            <intent-filter>
185-->[androidx.profileinstaller:profileinstaller:1.3.0] AndroidManifest.xml:40:13-42:29
186                <action android:name="androidx.profileinstaller.action.INSTALL_PROFILE" />
186-->[androidx.profileinstaller:profileinstaller:1.3.0] AndroidManifest.xml:41:17-91
186-->[androidx.profileinstaller:profileinstaller:1.3.0] AndroidManifest.xml:41:25-88
187            </intent-filter>
188            <intent-filter>
188-->[androidx.profileinstaller:profileinstaller:1.3.0] AndroidManifest.xml:43:13-45:29
189                <action android:name="androidx.profileinstaller.action.SKIP_FILE" />
189-->[androidx.profileinstaller:profileinstaller:1.3.0] AndroidManifest.xml:44:17-85
189-->[androidx.profileinstaller:profileinstaller:1.3.0] AndroidManifest.xml:44:25-82
190            </intent-filter>
191            <intent-filter>
191-->[androidx.profileinstaller:profileinstaller:1.3.0] AndroidManifest.xml:46:13-48:29
192                <action android:name="androidx.profileinstaller.action.SAVE_PROFILE" />
192-->[androidx.profileinstaller:profileinstaller:1.3.0] AndroidManifest.xml:47:17-88
192-->[androidx.profileinstaller:profileinstaller:1.3.0] AndroidManifest.xml:47:25-85
193            </intent-filter>
194            <intent-filter>
194-->[androidx.profileinstaller:profileinstaller:1.3.0] AndroidManifest.xml:49:13-51:29
195                <action android:name="androidx.profileinstaller.action.BENCHMARK_OPERATION" />
195-->[androidx.profileinstaller:profileinstaller:1.3.0] AndroidManifest.xml:50:17-95
195-->[androidx.profileinstaller:profileinstaller:1.3.0] AndroidManifest.xml:50:25-92
196            </intent-filter>
197        </receiver>
198
199        <service
199-->[com.google.android.datatransport:transport-backend-cct:2.3.3] AndroidManifest.xml:29:9-35:19
200            android:name="com.google.android.datatransport.runtime.backends.TransportBackendDiscovery"
200-->[com.google.android.datatransport:transport-backend-cct:2.3.3] AndroidManifest.xml:30:13-103
201            android:exported="false" >
201-->[com.google.android.datatransport:transport-backend-cct:2.3.3] AndroidManifest.xml:31:13-37
202            <meta-data
202-->[com.google.android.datatransport:transport-backend-cct:2.3.3] AndroidManifest.xml:32:13-34:39
203                android:name="backend:com.google.android.datatransport.cct.CctBackendFactory"
203-->[com.google.android.datatransport:transport-backend-cct:2.3.3] AndroidManifest.xml:33:17-94
204                android:value="cct" />
204-->[com.google.android.datatransport:transport-backend-cct:2.3.3] AndroidManifest.xml:34:17-36
205        </service>
206        <service
206-->[com.google.android.datatransport:transport-runtime:2.2.6] AndroidManifest.xml:26:9-30:19
207            android:name="com.google.android.datatransport.runtime.scheduling.jobscheduling.JobInfoSchedulerService"
207-->[com.google.android.datatransport:transport-runtime:2.2.6] AndroidManifest.xml:27:13-117
208            android:exported="false"
208-->[com.google.android.datatransport:transport-runtime:2.2.6] AndroidManifest.xml:28:13-37
209            android:permission="android.permission.BIND_JOB_SERVICE" >
209-->[com.google.android.datatransport:transport-runtime:2.2.6] AndroidManifest.xml:29:13-69
210        </service>
211
212        <receiver
212-->[com.google.android.datatransport:transport-runtime:2.2.6] AndroidManifest.xml:32:9-34:40
213            android:name="com.google.android.datatransport.runtime.scheduling.jobscheduling.AlarmManagerSchedulerBroadcastReceiver"
213-->[com.google.android.datatransport:transport-runtime:2.2.6] AndroidManifest.xml:33:13-132
214            android:exported="false" />
214-->[com.google.android.datatransport:transport-runtime:2.2.6] AndroidManifest.xml:34:13-37
215    </application>
216
217</manifest>